[0530/123342.231:INFO:CONSOLE(162)] "Event handler of 'x-storagemutated-1' event must be added on the initial evaluation of worker script.", source: https://static.whatsapp.net/rsrc.php/v4/yp/r/54uiCvM1Yyi.js (162)
[0530/123349.223:INFO:CONSOLE(0)] "Error with Permissions-Policy header: Feature xr-spatial-tracking's parameters are ignored.", source:  (0)
[0530/123349.223:INFO:CONSOLE(0)] "Error with Permissions-Policy header: Origin trial controlled feature not enabled: 'attribution-reporting'.", source:  (0)
[0530/123349.223:INFO:CONSOLE(0)] "Error with Permissions-Policy header: Unrecognized feature: 'compute-pressure'.", source:  (0)
[0530/123349.223:INFO:CONSOLE(0)] "Error with Permissions-Policy header: Origin trial controlled feature not enabled: 'interest-cohort'.", source:  (0)
[0530/123349.239:INFO:CONSOLE(0)] "Error with Permissions-Policy header: Unrecognized feature: 'private-state-token-issuance'.", source:  (0)
[0530/123349.239:INFO:CONSOLE(0)] "Error with Permissions-Policy header: Origin trial controlled feature not enabled: 'shared-storage'.", source:  (0)
[0530/123349.239:INFO:CONSOLE(0)] "Error with Permissions-Policy header: Unrecognized feature: 'shared-storage-select-url'.", source:  (0)
[0530/123349.239:INFO:CONSOLE(0)] "Error with Permissions-Policy header: Unrecognized feature: 'private-state-token-redemption'.", source:  (0)
[0530/123349.239:INFO:CONSOLE(0)] "Error with Permissions-Policy header: Unrecognized feature: 'unload'.", source:  (0)
[0530/123349.239:INFO:CONSOLE(0)] "Error with Permissions-Policy header: Unrecognized feature: 'window-management'.", source:  (0)
[0530/123426.981:INFO:CONSOLE(162)] "Event handler of 'x-storagemutated-1' event must be added on the initial evaluation of worker script.", source: https://static.whatsapp.net/rsrc.php/v4/yp/r/54uiCvM1Yyi.js (162)
[0530/123434.779:WARNING:backend_impl.cc(1816)] Destroying invalid entry.
[0530/123434.782:WARNING:backend_impl.cc(1816)] Destroying invalid entry.
[0530/123434.782:WARNING:backend_impl.cc(1816)] Destroying invalid entry.
[0530/123434.967:WARNING:backend_impl.cc(1816)] Destroying invalid entry.
[0530/123435.443:WARNING:backend_impl.cc(1816)] Destroying invalid entry.
[0530/123435.444:WARNING:backend_impl.cc(1816)] Destroying invalid entry.
[0530/123435.761:WARNING:backend_impl.cc(1816)] Destroying invalid entry.
[0530/123455.813:INFO:CONSOLE(77)] "ErrorUtils caught an error:

Requiring unknown module "WAWebForwardMessagesToChat"

Subsequent non-fatal errors won't be logged; see https://fburl.com/debugjs. [object Object]", source: https://static.whatsapp.net/rsrc.php/v4/yw/r/jYoWvxp81In.js (77)
